0 info it worked if it ends with ok
1 verbose cli [ '/usr/bin/nodejs',
1 verbose cli   '/usr/bin/npm',
1 verbose cli   'install',
1 verbose cli   'node',
1 verbose cli   'node_modules' ]
2 info using npm@3.5.2
3 info using node@v4.2.6
4 silly loadCurrentTree Starting
5 silly install loadCurrentTree
6 silly install readLocalPackageData
7 silly fetchPackageMetaData node
8 silly fetchPackageMetaData node_modules
9 silly fetchNamedPackageData node
10 silly mapToRegistry name node
11 silly mapToRegistry using default registry
12 silly mapToRegistry registry https://registry.npmjs.org/
13 silly mapToRegistry uri https://registry.npmjs.org/node
14 silly fetchOtherPackageData node_modules
15 silly cache add args [ 'node_modules', null ]
16 verbose cache add spec node_modules
17 silly cache add parsed spec Result {
17 silly cache add   raw: 'node_modules',
17 silly cache add   scope: null,
17 silly cache add   name: null,
17 silly cache add   rawSpec: 'node_modules',
17 silly cache add   spec: '/home/simplon/Documents/test_js/todo-list/node_modules',
17 silly cache add   type: 'local' }
18 verbose request uri https://registry.npmjs.org/node
19 verbose request no auth needed
20 info attempt registry request try #1 at 10:59:34
21 verbose request id 0c0238ef5c51c44c
22 verbose etag W/"594446e3-435"
23 verbose lastModified Fri, 16 Jun 2017 21:00:19 GMT
24 http request GET https://registry.npmjs.org/node
25 error addLocal Could not install /home/simplon/Documents/test_js/todo-list/node_modules
26 silly fetchPackageMetaData Error: EISDIR: illegal operation on a directory, read
26 silly fetchPackageMetaData     at Error (native)
26 silly fetchPackageMetaData  error for node_modules { [Error: EISDIR: illegal operation on a directory, read] errno: -21, code: 'EISDIR', syscall: 'read' }
27 http 304 https://registry.npmjs.org/node
28 verbose headers { date: 'Mon, 10 Jul 2017 08:59:34 GMT',
28 verbose headers   via: '1.1 varnish',
28 verbose headers   'cache-control': 'max-age=300',
28 verbose headers   etag: 'W/"594446e3-435"',
28 verbose headers   age: '15',
28 verbose headers   connection: 'keep-alive',
28 verbose headers   'x-served-by': 'cache-lcy1122-LCY',
28 verbose headers   'x-cache': 'HIT',
28 verbose headers   'x-cache-hits': '1',
28 verbose headers   'x-timer': 'S1499677175.915928,VS0,VE1',
28 verbose headers   vary: 'Accept-Encoding, Accept' }
29 silly get cb [ 304,
29 silly get   { date: 'Mon, 10 Jul 2017 08:59:34 GMT',
29 silly get     via: '1.1 varnish',
29 silly get     'cache-control': 'max-age=300',
29 silly get     etag: 'W/"594446e3-435"',
29 silly get     age: '15',
29 silly get     connection: 'keep-alive',
29 silly get     'x-served-by': 'cache-lcy1122-LCY',
29 silly get     'x-cache': 'HIT',
29 silly get     'x-cache-hits': '1',
29 silly get     'x-timer': 'S1499677175.915928,VS0,VE1',
29 silly get     vary: 'Accept-Encoding, Accept' } ]
30 verbose etag https://registry.npmjs.org/node from cache
31 verbose get saving node to /home/simplon/.npm/registry.npmjs.org/node/.cache.json
32 silly rollbackFailedOptional Starting
33 silly rollbackFailedOptional Finishing
34 silly runTopLevelLifecycles Starting
35 silly runTopLevelLifecycles Finishing
36 silly install printInstalled
37 verbose stack Error: EISDIR: illegal operation on a directory, read
37 verbose stack     at Error (native)
38 verbose cwd /home/simplon/Documents/test_js/todo-list
39 error Linux 4.8.0-58-generic
40 error argv "/usr/bin/nodejs" "/usr/bin/npm" "install" "node" "node_modules"
41 error node v4.2.6
42 error npm  v3.5.2
43 error code EISDIR
44 error errno -21
45 error syscall read
46 error eisdir EISDIR: illegal operation on a directory, read
47 error eisdir This is most likely not a problem with npm itself
47 error eisdir and is related to npm not being able to find a package.json in
47 error eisdir a package you are trying to install.
48 verbose exit [ -21, true ]
